[debug] [2021-01-30T10:32:31.409Z] ----------------------------------------------------------------------
[debug] [2021-01-30T10:32:31.411Z] Command:       C:\Program Files\nodejs\node.exe C:\Users\vistr\AppData\Roaming\npm\node_modules\firebase-tools\lib\bin\firebase.js init
[debug] [2021-01-30T10:32:31.411Z] CLI Version:   8.16.2
[debug] [2021-01-30T10:32:31.411Z] Platform:      win32
[debug] [2021-01-30T10:32:31.411Z] Node Version:  v12.13.0
[debug] [2021-01-30T10:32:31.412Z] Time:          Sat Jan 30 2021 16:02:31 GMT+0530 (India Standard Time)
[debug] [2021-01-30T10:32:31.412Z] ----------------------------------------------------------------------
[debug] [2021-01-30T10:32:31.412Z] 
[debug] [2021-01-30T10:32:31.418Z] > command requires scopes: ["email","openid","https://www.googleapis.com/auth/cloudplatformprojects.readonly","https://www.googleapis.com/auth/firebase","https://www.googleapis.com/auth/cloud-platform"]
[debug] [2021-01-30T10:32:31.418Z] > authorizing via signed-in user
[info] 
     ######## #### ########  ######## ########     ###     ######  ########
     ##        ##  ##     ## ##       ##     ##  ##   ##  ##       ##
     ######    ##  ########  ######   ########  #########  ######  ######
     ##        ##  ##    ##  ##       ##     ## ##     ##       ## ##
     ##       #### ##     ## ######## ########  ##     ##  ######  ########

You're about to initialize a Firebase project in this directory:

  C:\Users\vistr\Desktop\HoyaHacks

[info] 
=== Project Setup
[info] 
[info] First, let's associate this project directory with a Firebase project.
[info] You can create multiple project aliases by running firebase use --add, 
[info] but for now we'll just set up a default project.
[info] 
